Connecting to database specified by database.yml
Connecting to database specified by database.yml
Connecting to database specified by database.yml
Connecting to database specified by database.yml
  [1m[36m (3.2ms)[0m  [1mCREATE TABLE "schema_migrations" ("version" character varying(255) NOT NULL) [0m
  [1m[35m (2.2ms)[0m  CREATE UNIQUE INDEX "unique_schema_migrations" ON "schema_migrations" ("version")
  [1m[36m (0.5ms)[0m  [1mSELECT "schema_migrations"."version" FROM "schema_migrations" [0m
Migrating to CreateUsers (20130916235232)
  [1m[35m (0.2ms)[0m  BEGIN
  [1m[36m (6.7ms)[0m  [1mCREATE TABLE "users" ("id" serial primary key, "name" character varying(255), "email" character varying(255), "access_token" character varying(255), "uid" character varying(255), "photo_url" character varying(255), "provider" character varying(255), "created_at" timestamp NOT NULL, "updated_at" timestamp NOT NULL) [0m
  [1m[35m (0.6ms)[0m  INSERT INTO "schema_migrations" ("version") VALUES ('20130916235232')
  [1m[36m (0.8ms)[0m  [1mCOMMIT[0m
  [1m[35m (0.6ms)[0m  SELECT "schema_migrations"."version" FROM "schema_migrations" 


Started GET "/" for 127.0.0.1 at 2013-09-16 20:56:50 -0300
Connecting to database specified by database.yml

ActionController::RoutingError (No route matches [GET] "/"):
  actionpack (3.2.14) lib/action_dispatch/middleware/debug_exceptions.rb:21:in `call'
  actionpack (3.2.14) lib/action_dispatch/middleware/show_exceptions.rb:56:in `call'
  railties (3.2.14) lib/rails/rack/logger.rb:32:in `call_app'
  railties (3.2.14) lib/rails/rack/logger.rb:16:in `block in call'
  activesupport (3.2.14) lib/active_support/tagged_logging.rb:22:in `tagged'
  railties (3.2.14) lib/rails/rack/logger.rb:16:in `call'
  actionpack (3.2.14) lib/action_dispatch/middleware/request_id.rb:22:in `call'
  rack (1.4.5) lib/rack/methodoverride.rb:21:in `call'
  rack (1.4.5) lib/rack/runtime.rb:17:in `call'
  activesupport (3.2.14) lib/active_support/cache/strategy/local_cache.rb:72:in `call'
  rack (1.4.5) lib/rack/lock.rb:15:in `call'
  actionpack (3.2.14) lib/action_dispatch/middleware/static.rb:63:in `call'
  railties (3.2.14) lib/rails/engine.rb:484:in `call'
  railties (3.2.14) lib/rails/application.rb:231:in `call'
  rack (1.4.5) lib/rack/content_length.rb:14:in `call'
  railties (3.2.14) lib/rails/rack/log_tailer.rb:17:in `call'
  rack (1.4.5) lib/rack/handler/webrick.rb:59:in `service'
  /Users/hamilton/.rvm/rubies/ruby-1.9.3-p448/lib/ruby/1.9.1/webrick/httpserver.rb:138:in `service'
  /Users/hamilton/.rvm/rubies/ruby-1.9.3-p448/lib/ruby/1.9.1/webrick/httpserver.rb:94:in `run'
  /Users/hamilton/.rvm/rubies/ruby-1.9.3-p448/lib/ruby/1.9.1/webrick/server.rb:191:in `block in start_thread'


  Rendered /Users/hamilton/.rvm/gems/ruby-1.9.3-p448@qlevar/gems/actionpack-3.2.14/lib/action_dispatch/middleware/templates/rescues/routing_error.erb within rescues/layout (2.4ms)


Started GET "/welcome" for 127.0.0.1 at 2013-09-16 20:56:57 -0300

ActionController::RoutingError (No route matches [GET] "/welcome"):
  actionpack (3.2.14) lib/action_dispatch/middleware/debug_exceptions.rb:21:in `call'
  actionpack (3.2.14) lib/action_dispatch/middleware/show_exceptions.rb:56:in `call'
  railties (3.2.14) lib/rails/rack/logger.rb:32:in `call_app'
  railties (3.2.14) lib/rails/rack/logger.rb:16:in `block in call'
  activesupport (3.2.14) lib/active_support/tagged_logging.rb:22:in `tagged'
  railties (3.2.14) lib/rails/rack/logger.rb:16:in `call'
  actionpack (3.2.14) lib/action_dispatch/middleware/request_id.rb:22:in `call'
  rack (1.4.5) lib/rack/methodoverride.rb:21:in `call'
  rack (1.4.5) lib/rack/runtime.rb:17:in `call'
  activesupport (3.2.14) lib/active_support/cache/strategy/local_cache.rb:72:in `call'
  rack (1.4.5) lib/rack/lock.rb:15:in `call'
  actionpack (3.2.14) lib/action_dispatch/middleware/static.rb:63:in `call'
  railties (3.2.14) lib/rails/engine.rb:484:in `call'
  railties (3.2.14) lib/rails/application.rb:231:in `call'
  rack (1.4.5) lib/rack/content_length.rb:14:in `call'
  railties (3.2.14) lib/rails/rack/log_tailer.rb:17:in `call'
  rack (1.4.5) lib/rack/handler/webrick.rb:59:in `service'
  /Users/hamilton/.rvm/rubies/ruby-1.9.3-p448/lib/ruby/1.9.1/webrick/httpserver.rb:138:in `service'
  /Users/hamilton/.rvm/rubies/ruby-1.9.3-p448/lib/ruby/1.9.1/webrick/httpserver.rb:94:in `run'
  /Users/hamilton/.rvm/rubies/ruby-1.9.3-p448/lib/ruby/1.9.1/webrick/server.rb:191:in `block in start_thread'


  Rendered /Users/hamilton/.rvm/gems/ruby-1.9.3-p448@qlevar/gems/actionpack-3.2.14/lib/action_dispatch/middleware/templates/rescues/routing_error.erb within rescues/layout (0.6ms)


Started GET "/welco" for 127.0.0.1 at 2013-09-16 20:57:12 -0300

ActionController::RoutingError (No route matches [GET] "/welco"):
  actionpack (3.2.14) lib/action_dispatch/middleware/debug_exceptions.rb:21:in `call'
  actionpack (3.2.14) lib/action_dispatch/middleware/show_exceptions.rb:56:in `call'
  railties (3.2.14) lib/rails/rack/logger.rb:32:in `call_app'
  railties (3.2.14) lib/rails/rack/logger.rb:16:in `block in call'
  activesupport (3.2.14) lib/active_support/tagged_logging.rb:22:in `tagged'
  railties (3.2.14) lib/rails/rack/logger.rb:16:in `call'
  actionpack (3.2.14) lib/action_dispatch/middleware/request_id.rb:22:in `call'
  rack (1.4.5) lib/rack/methodoverride.rb:21:in `call'
  rack (1.4.5) lib/rack/runtime.rb:17:in `call'
  activesupport (3.2.14) lib/active_support/cache/strategy/local_cache.rb:72:in `call'
  rack (1.4.5) lib/rack/lock.rb:15:in `call'
  actionpack (3.2.14) lib/action_dispatch/middleware/static.rb:63:in `call'
  railties (3.2.14) lib/rails/engine.rb:484:in `call'
  railties (3.2.14) lib/rails/application.rb:231:in `call'
  rack (1.4.5) lib/rack/content_length.rb:14:in `call'
  railties (3.2.14) lib/rails/rack/log_tailer.rb:17:in `call'
  rack (1.4.5) lib/rack/handler/webrick.rb:59:in `service'
  /Users/hamilton/.rvm/rubies/ruby-1.9.3-p448/lib/ruby/1.9.1/webrick/httpserver.rb:138:in `service'
  /Users/hamilton/.rvm/rubies/ruby-1.9.3-p448/lib/ruby/1.9.1/webrick/httpserver.rb:94:in `run'
  /Users/hamilton/.rvm/rubies/ruby-1.9.3-p448/lib/ruby/1.9.1/webrick/server.rb:191:in `block in start_thread'


  Rendered /Users/hamilton/.rvm/gems/ruby-1.9.3-p448@qlevar/gems/actionpack-3.2.14/lib/action_dispatch/middleware/templates/rescues/routing_error.erb within rescues/layout (0.6ms)


Started GET "/" for 127.0.0.1 at 2013-09-16 20:57:16 -0300
Processing by WelcomeController#index as HTML
  Rendered welcome/index.html.erb within layouts/application (0.4ms)
Compiled sessions.css  (48ms)  (pid 13347)
Compiled welcome.css  (1ms)  (pid 13347)
Compiled application.css  (68ms)  (pid 13347)
Compiled jquery.js  (1ms)  (pid 13347)
Compiled jquery_ujs.js  (0ms)  (pid 13347)
Compiled sessions.js  (501ms)  (pid 13347)
Compiled welcome.js  (123ms)  (pid 13347)
Compiled application.js  (691ms)  (pid 13347)
Completed 200 OK in 845ms (Views: 844.8ms | ActiveRecord: 0.0ms)


Started GET "/assets/sessions.css?body=1" for 127.0.0.1 at 2013-09-16 20:57:17 -0300
Served asset /sessions.css - 200 OK (5ms)


Started GET "/assets/sessions.js?body=1" for 127.0.0.1 at 2013-09-16 20:57:17 -0300
Served asset /sessions.js - 200 OK (2ms)


Started GET "/assets/application.css?body=1" for 127.0.0.1 at 2013-09-16 20:57:17 -0300
Served asset /application.css - 200 OK (3ms)


Started GET "/assets/welcome.css?body=1" for 127.0.0.1 at 2013-09-16 20:57:17 -0300
Served asset /welcome.css - 200 OK (1ms)


Started GET "/assets/welcome.js?body=1" for 127.0.0.1 at 2013-09-16 20:57:17 -0300
Served asset /welcome.js - 200 OK (1ms)


Started GET "/assets/application.js?body=1" for 127.0.0.1 at 2013-09-16 20:57:17 -0300
Served asset /application.js - 200 OK (5ms)


Started GET "/assets/jquery.js?body=1" for 127.0.0.1 at 2013-09-16 20:57:17 -0300
Served asset /jquery.js - 304 Not Modified (5ms)


Started GET "/assets/jquery_ujs.js?body=1" for 127.0.0.1 at 2013-09-16 20:57:17 -0300
Served asset /jquery_ujs.js - 304 Not Modified (1ms)


Started GET "/auth/facebook" for 127.0.0.1 at 2013-09-16 20:57:19 -0300


Started GET "/" for 127.0.0.1 at 2013-09-16 20:58:46 -0300
Processing by WelcomeController#index as HTML
  Rendered welcome/index.html.erb within layouts/application (0.1ms)
Completed 200 OK in 5ms (Views: 4.4ms | ActiveRecord: 0.0ms)


Started GET "/assets/application.css?body=1" for 127.0.0.1 at 2013-09-16 20:58:46 -0300
Served asset /application.css - 304 Not Modified (0ms)


Started GET "/assets/sessions.css?body=1" for 127.0.0.1 at 2013-09-16 20:58:46 -0300
Served asset /sessions.css - 304 Not Modified (0ms)


Started GET "/assets/welcome.css?body=1" for 127.0.0.1 at 2013-09-16 20:58:46 -0300
Served asset /welcome.css - 304 Not Modified (0ms)


Started GET "/assets/sessions.js?body=1" for 127.0.0.1 at 2013-09-16 20:58:46 -0300
Served asset /sessions.js - 304 Not Modified (0ms)


Started GET "/assets/jquery_ujs.js?body=1" for 127.0.0.1 at 2013-09-16 20:58:46 -0300
Served asset /jquery_ujs.js - 304 Not Modified (0ms)


Started GET "/assets/jquery.js?body=1" for 127.0.0.1 at 2013-09-16 20:58:46 -0300
Served asset /jquery.js - 304 Not Modified (0ms)


Started GET "/assets/welcome.js?body=1" for 127.0.0.1 at 2013-09-16 20:58:46 -0300
Served asset /welcome.js - 304 Not Modified (0ms)


Started GET "/assets/application.js?body=1" for 127.0.0.1 at 2013-09-16 20:58:46 -0300
Served asset /application.js - 304 Not Modified (0ms)


Started GET "/auth/facebook" for 127.0.0.1 at 2013-09-16 20:58:48 -0300


Started GET "/auth/facebook/callback?code=AQDO34Hq0FtF1N94bcLIwV96MT0tVSQidS-2Y_hNPlBjgvqtTzLyMZ_-_JxMmpYdUURBSpFRq2T3xJHIc740D0w3djohcDw7LKkgYX-vEF78fBKbRsutbrCndcrDSupKNKIHdrHwDQx3Nny-qqCW-Ga4XtODUHM2d9EQujMxsMoURqOwm-EXBVjdENrRohxZFQvWMIwC3CXnx-6apMo4nMORfaxGWcCPnffcqh6aByfZovFUPhswkHnHt-8wObNHRlAvJLrAFMJjOGd_BVS4wbD2PfixVxuFmvKG1Ahia2-Jw6YjMbm6VLLH1rZYtCfLwdY&state=6e7d51983757ce2fb29e447643dbb895e3a334d90ab6755f" for 127.0.0.1 at 2013-09-16 20:58:59 -0300
Processing by SessionsController#create as HTML
  Parameters: {"code"=>"AQDO34Hq0FtF1N94bcLIwV96MT0tVSQidS-2Y_hNPlBjgvqtTzLyMZ_-_JxMmpYdUURBSpFRq2T3xJHIc740D0w3djohcDw7LKkgYX-vEF78fBKbRsutbrCndcrDSupKNKIHdrHwDQx3Nny-qqCW-Ga4XtODUHM2d9EQujMxsMoURqOwm-EXBVjdENrRohxZFQvWMIwC3CXnx-6apMo4nMORfaxGWcCPnffcqh6aByfZovFUPhswkHnHt-8wObNHRlAvJLrAFMJjOGd_BVS4wbD2PfixVxuFmvKG1Ahia2-Jw6YjMbm6VLLH1rZYtCfLwdY", "state"=>"6e7d51983757ce2fb29e447643dbb895e3a334d90ab6755f", "provider"=>"facebook"}
  [1m[36mUser Load (1.4ms)[0m  [1mSELECT "users".* FROM "users" WHERE "users"."provider" = 'facebook' AND "users"."uid" = '100006758612014' LIMIT 1[0m
  [1m[35m (0.2ms)[0m  BEGIN
  [1m[36mSQL (6.6ms)[0m  [1mINSERT INTO "users" ("access_token", "created_at", "email", "name", "photo_url", "provider", "uid", "updated_at") VALUES ($1, $2, $3, $4, $5, $6, $7, $8) RETURNING "id"[0m  [["access_token", nil], ["created_at", Mon, 16 Sep 2013 23:59:01 UTC +00:00], ["email", nil], ["name", nil], ["photo_url", nil], ["provider", "facebook"], ["uid", "100006758612014"], ["updated_at", Mon, 16 Sep 2013 23:59:01 UTC +00:00]]
  [1m[35m (1.0ms)[0m  COMMIT
  [1m[36m (0.2ms)[0m  [1mBEGIN[0m
  [1m[35m (0.7ms)[0m  UPDATE "users" SET "name" = 'Hamilton Oliveira', "email" = 'jhamilton.oliveira@gmail.com', "photo_url" = 'http://graph.facebook.com/100006758612014/picture?type=square', "access_token" = 'CAACTNhzMcd0BAN709o1lCyZCAXw2BFMjiMnwatkJXu1ZAUgxZBbYARDvMBHEixZCO6pN2GgVOy4N7EZCdUqBHBj8ZCQLKxETOVp8CVkKDUZBPupMiWU1kCHywXg2rrn9yZBO4iqJITTvq9fNlyRZCa90kBAv1v7snOCRtQiNsxbyBRozduAtZAVP3c', "updated_at" = '2013-09-16 23:59:01.536208' WHERE "users"."id" = 1
  [1m[36m (0.5ms)[0m  [1mCOMMIT[0m
Completed 500 Internal Server Error in 98ms

NameError (undefined local variable or method `secret_page_path' for #<SessionsController:0x007fb927f7dea0>):
  app/controllers/sessions_controller.rb:7:in `create'


  Rendered /Users/hamilton/.rvm/gems/ruby-1.9.3-p448@qlevar/gems/actionpack-3.2.14/lib/action_dispatch/middleware/templates/rescues/_trace.erb (1.2ms)
  Rendered /Users/hamilton/.rvm/gems/ruby-1.9.3-p448@qlevar/gems/actionpack-3.2.14/lib/action_dispatch/middleware/templates/rescues/_request_and_response.erb (0.9ms)
  Rendered /Users/hamilton/.rvm/gems/ruby-1.9.3-p448@qlevar/gems/actionpack-3.2.14/lib/action_dispatch/middleware/templates/rescues/diagnostics.erb within rescues/layout (34.3ms)
